c:\breakout\src\boilerplate\x64\debug\vc141.pdb
c:\breakout\src\boilerplate\x64\debug\vc141.idb
c:\breakout\src\boilerplate\x64\debug\vector2.obj
c:\breakout\src\boilerplate\x64\debug\timemanager.obj
c:\breakout\src\boilerplate\x64\debug\texture_manager.obj
c:\breakout\src\boilerplate\x64\debug\shader_utilities.obj
c:\breakout\src\boilerplate\x64\debug\sdlevent.obj
c:\breakout\src\boilerplate\x64\debug\model_matrix.obj
c:\breakout\src\boilerplate\x64\debug\palette.obj
c:\breakout\src\boilerplate\x64\debug\renderer.obj
c:\breakout\src\boilerplate\x64\debug\matrix_4.obj
c:\breakout\src\boilerplate\x64\debug\math_utilities.obj
c:\breakout\src\boilerplate\x64\debug\main.obj
c:\breakout\src\boilerplate\x64\debug\error_manager.obj
c:\breakout\src\boilerplate\x64\debug\input_manager.obj
c:\breakout\src\boilerplate\x64\debug\unique_id.obj
c:\breakout\src\boilerplate\x64\debug\game_object.obj
c:\breakout\src\boilerplate\x64\debug\component.obj
c:\breakout\src\boilerplate\x64\debug\color.obj
c:\breakout\src\boilerplate\x64\debug\block.obj
c:\breakout\src\boilerplate\x64\debug\ball.obj
c:\breakout\src\boilerplate\x64\debug\app.obj
c:\breakout\src\boilerplate\x64\debug\velocity.obj
c:\breakout\src\boilerplate\x64\debug\vertex_object.obj
c:\breakout\src\boilerplate\x64\debug\game.obj
c:\breakout\src\boilerplate\x64\debug\vector4.obj
c:\breakout\src\boilerplate\x64\debug\vector3.obj
c:\breakout\src\boilerplate\x64\debug\paddle.obj
c:\breakout\src\boilerplate\x64\debug\scene.obj
c:\breakout\src\boilerplate\x64\debug\game_level.obj
c:\breakout\src\boilerplate\x64\debug\collision_component.obj
c:\breakout\src\x64\debug\boilerplate.exe
c:\breakout\src\x64\debug\boilerplate.ilk
c:\breakout\src\x64\debug\boilerplate.pdb
c:\breakout\src\boilerplate\x64\debug\boilerplate.tlog\cl.command.1.tlog
c:\breakout\src\boilerplate\x64\debug\boilerplate.tlog\cl.read.1.tlog
c:\breakout\src\boilerplate\x64\debug\boilerplate.tlog\cl.write.1.tlog
c:\breakout\src\boilerplate\x64\debug\boilerplate.tlog\link.command.1.tlog
c:\breakout\src\boilerplate\x64\debug\boilerplate.tlog\link.read.1.tlog
c:\breakout\src\boilerplate\x64\debug\boilerplate.tlog\link.write.1.tlog
